#
# There is insufficient memory for the Java Runtime Environment to continue.
# Native memory allocation (malloc) failed to allocate 1048576 bytes for AllocateHeap
# Possible reasons:
#   The system is out of physical RAM or swap space
#   In 32 bit mode, the process size limit was hit
# Possible solutions:
#   Reduce memory load on the system
#   Increase physical memory or swap space
#   Check if swap backing store is full
#   Use 64 bit Java on a 64 bit OS
#   Decrease Java heap size (-Xmx/-Xms)
#   Decrease number of Java threads
#   Decrease Java thread stack sizes (-Xss)
#   Set larger code cache with -XX:ReservedCodeCacheSize=
# This output file may be truncated or incomplete.
#
#  Out of Memory Error (memory/allocation.inline.hpp:61), pid=96752, tid=0x0000000000017a7c
#
# JRE version:  (8.0_152-b02) (build )
# Java VM: OpenJDK 64-Bit Server VM (25.152-b02 mixed mode windows-amd64 compressed oops)
# Failed to write core dump. Minidumps are not enabled by default on client versions of Windows
#

---------------  T H R E A D  ---------------

Current thread (0x0000000002a85000):  JavaThread "Unknown thread" [_thread_in_vm, id=96892, stack(0x0000000002980000,0x0000000002a80000)]

Stack: [0x0000000002980000,0x0000000002a80000]
[error occurred during error reporting (printing stack bounds), id 0xc0000005]

Native frames: (J=compiled Java code, j=interpreted, Vv=VM code, C=native code)


---------------  P R O C E S S  ---------------

Java Threads: ( => current thread )

Other Threads:

=>0x0000000002a85000 (exited) JavaThread "Unknown thread" [_thread_in_vm, id=96892, stack(0x0000000002980000,0x0000000002a80000)]

VM state:not at safepoint (normal execution)

VM Mutex/Monitor currently owned by a thread: None

Heap:
 PSYoungGen      total 18944K, used 327K [0x00000000feb00000, 0x0000000100000000, 0x0000000100000000)
  eden space 16384K, 2% used [0x00000000feb00000,0x00000000feb51ec8,0x00000000ffb00000)
  from space 2560K, 0% used [0x00000000ffd80000,0x00000000ffd80000,0x0000000100000000)
  to   space 2560K, 0% used [0x00000000ffb00000,0x00000000ffb00000,0x00000000ffd80000)
 ParOldGen       total 44032K, used 0K [0x00000000fc000000, 0x00000000feb00000, 0x00000000feb00000)
  object space 44032K, 0% used [0x00000000fc000000,0x00000000fc000000,0x00000000feb00000)
 Metaspace       used 772K, capacity 4480K, committed 4480K, reserved 1056768K
  class space    used 73K, capacity 384K, committed 384K, reserved 1048576K

Card table byte_map: [0x00000000025a0000,0x00000000025d0000] byte_map_base: 0x0000000001dc0000

Marking Bits: (ParMarkBitMap*) 0x0000000071024970
 Begin Bits: [0x0000000012740000, 0x0000000012840000)
 End Bits:   [0x0000000012840000, 0x0000000012940000)

Polling page: 0x0000000000e10000

CodeCache: size=245760Kb used=328Kb max_used=328Kb free=245431Kb
 bounds [0x0000000002b80000, 0x0000000002df0000, 0x0000000011b80000]
 total_blobs=57 nmethods=0 adapters=38
 compilation: enabled

Compilation events (0 events):
No events

GC Heap History (0 events):
No events

Deoptimization events (0 events):
No events

Classes redefined (0 events):
No events

Internal exceptions (0 events):
No events

Events (10 events):
Event: 0.180 loading class java/lang/Short
Event: 0.180 loading class java/lang/Short done
Event: 0.180 loading class java/lang/Integer
Event: 0.181 loading class java/lang/Integer done
Event: 0.181 loading class java/lang/Long
Event: 0.181 loading class java/lang/Long done
Event: 0.182 loading class java/lang/NullPointerException
Event: 0.182 loading class java/lang/NullPointerException done
Event: 0.182 loading class java/lang/ArithmeticException
Event: 0.182 loading class java/lang/ArithmeticException done


Dynamic libraries:
0x00007ff680e70000 - 0x00007ff680ea1000 	D:\Program Files\Android\Android Studio\jre\bin\java.exe
0x00007ffc93290000 - 0x00007ffc9346b000 	C:\Windows\SYSTEM32\ntdll.dll
0x00007ffc908a0000 - 0x00007ffc9094e000 	C:\Windows\System32\KERNEL32.DLL
0x00007ffc8f880000 - 0x00007ffc8faca000 	C:\Windows\System32\KERNELBASE.dll
0x00007ffc913d0000 - 0x00007ffc91471000 	C:\Windows\System32\ADVAPI32.dll
0x00007ffc90d60000 - 0x00007ffc90dfd000 	C:\Windows\System32\msvcrt.dll
0x00007ffc91030000 - 0x00007ffc91089000 	C:\Windows\System32\sechost.dll
0x00007ffc90e00000 - 0x00007ffc90f25000 	C:\Windows\System32\RPCRT4.dll
0x00007ffc93110000 - 0x00007ffc9325a000 	C:\Windows\System32\USER32.dll
0x00007ffc901d0000 - 0x00007ffc901ee000 	C:\Windows\System32\win32u.dll
0x00007ffc91bc0000 - 0x00007ffc91be7000 	C:\Windows\System32\GDI32.dll
0x00007ffc90510000 - 0x00007ffc90698000 	C:\Windows\System32\gdi32full.dll
0x00007ffc901f0000 - 0x00007ffc9028a000 	C:\Windows\System32\msvcp_win.dll
0x00007ffc906f0000 - 0x00007ffc907e6000 	C:\Windows\System32\ucrtbase.dll
0x00007ffc7e6c0000 - 0x00007ffc7e927000 	C:\Windows\WinSxS\amd64_microsoft.windows.common-controls_6595b64144ccf1df_6.0.15063.1155_none_40c7922129a7722b\COMCTL32.dll
0x00007ffc91480000 - 0x00007ffc91779000 	C:\Windows\System32\combase.dll
0x00007ffc8f810000 - 0x00007ffc8f87a000 	C:\Windows\System32\bcryptPrimitives.dll
0x00007ffc93260000 - 0x00007ffc9328d000 	C:\Windows\System32\IMM32.DLL
0x0000000070780000 - 0x0000000070852000 	D:\Program Files\Android\Android Studio\jre\jre\bin\msvcr100.dll
0x0000000070860000 - 0x000000007109f000 	D:\Program Files\Android\Android Studio\jre\jre\bin\server\jvm.dll
0x00007ffc90f50000 - 0x00007ffc90f58000 	C:\Windows\System32\PSAPI.DLL
0x00007ffc80ae0000 - 0x00007ffc80ae9000 	C:\Windows\SYSTEM32\WSOCK32.dll
0x00007ffc8d760000 - 0x00007ffc8d783000 	C:\Windows\SYSTEM32\WINMM.dll
0x00007ffc82af0000 - 0x00007ffc82afa000 	C:\Windows\SYSTEM32\VERSION.dll
0x00007ffc90fc0000 - 0x00007ffc9102c000 	C:\Windows\System32\WS2_32.dll
0x00007ffc8d640000 - 0x00007ffc8d66b000 	C:\Windows\SYSTEM32\WINMMBASE.dll
0x00007ffc906a0000 - 0x00007ffc906e9000 	C:\Windows\System32\cfgmgr32.dll
0x00007ffc83d40000 - 0x00007ffc83d4f000 	D:\Program Files\Android\Android Studio\jre\jre\bin\verify.dll
0x00007ffc820a0000 - 0x00007ffc820c9000 	D:\Program Files\Android\Android Studio\jre\jre\bin\java.dll
0x00007ffc83d20000 - 0x00007ffc83d36000 	D:\Program Files\Android\Android Studio\jre\jre\bin\zip.dll

VM Arguments:
jvm_args: -Djava.awt.headless=true -Xmx64M -Dfile.encoding=GBK -Duser.country=CN -Duser.language=zh -Duser.variant 
java_command: com.google.devtools.build.android.desugar.Desugar --input D:\Program Files\AppDemo\QiMengHuiZhi\app\build\intermediates\transforms\stackFramesFixer\debug\43.jar --output D:\Program Files\AppDemo\QiMengHuiZhi\app\build\intermediates\transforms\desugar\debug\44.jar --input D:\Program Files\AppDemo\QiMengHuiZhi\app\build\intermediates\transforms\stackFramesFixer\debug\20.jar --output D:\Program Files\AppDemo\QiMengHuiZhi\app\build\intermediates\transforms\desugar\debug\21.jar --input D:\Program Files\AppDemo\QiMengHuiZhi\app\build\intermediates\transforms\stackFramesFixer\debug\26.jar --output D:\Program Files\AppDemo\QiMengHuiZhi\app\build\intermediates\transforms\desugar\debug\27.jar --input D:\Program Files\AppDemo\QiMengHuiZhi\app\build\intermediates\transforms\stackFramesFixer\debug\2.jar --output D:\Program Files\AppDemo\QiMengHuiZhi\app\build\intermediates\transforms\desugar\debug\3.jar --input D:\Program Files\AppDemo\QiMengHuiZhi\app\build\intermediates\transforms\stackFramesFixer\debug\42.jar --output D:\Program Files\AppDemo\QiMengHuiZhi\app\build\intermediates\transforms\desugar\debug\43.jar --input D:\Program Files\AppDemo\QiMengHuiZhi\app\build\intermediates\transforms\stackFramesFixer\debug\33.jar --output D:\Program Files\AppDemo\QiMengHuiZhi\app\build\intermediates\transforms\desugar\debug\34.jar --classpath_entry D:\Program Files\AppDemo\QiMengHuiZhi\app\build\intermediates\classes\debug --classpath_entry D:\Program Files\AppDemo\QiMengHuiZhi\app\build\intermediates\transforms\stackFramesFixer\debug\0.jar --classpath_entry D:\Program Files\AppDemo\QiMengHuiZhi\app\build\intermediates\transforms\stackFramesFixer\debug\1.jar --classpath_entry D:\Program Files\AppDemo\QiMengHuiZhi\app\build\intermediates\transforms\stackFramesFixer\debug\2.jar --classpath_entry D:\Program Files\AppDemo\QiMengHuiZhi\app\build\intermediates\transforms\stackFramesFixer\debug\3.jar --classpath_entry D:\Program Files\AppDemo\QiMengHuiZhi\app\build\intermediate
java_class_path (initial): C:\Users\Gaudi\AppData\Local\Temp\desugar_deploy.jar1664957288052564336
Launcher Type: SUN_STANDARD

Environment Variables:
JAVA_HOME=D:\Program Files\Java\jdk1.8.0_161
CLASSPATH=.;D:\Program Files\Java\jdk1.8.0_161\lib\dt.jar;D:\Program Files\Java\jdk1.8.0_161\lib\tools.jar;
PATH=C:\Program Files (x86)\Intel\iCLS Client\;C:\Program Files\Intel\iCLS Client\;C:\Windows\system32;C:\Windows;C:\Windows\System32\Wbem;C:\Windows\System32\WindowsPowerShell\v1.0\;C:\Program Files (x86)\Intel\Intel(R) Management Engine Components\DAL;C:\Program Files\Intel\Intel(R) Management Engine Components\DAL;C:\Program Files (x86)\Intel\Intel(R) Management Engine Components\IPT;C:\Program Files\Intel\Intel(R) Management Engine Components\IPT;C:\Program Files\Git\cmd;D:\Program Files\Java\jdk1.8.0_161\bin;C:\Users\Gaudi\AppData\Local\Android\Sdk\tools;D:\Program Files\Java\jdk1.8.0_161\jre\bin;C:\Users\Gaudi\AppData\Local\Android\Sdk\platform-tools;C:\Users\Gaudi\AppData\Local\Microsoft\WindowsApps;
USERNAME=Gaudi
OS=Windows_NT
PROCESSOR_IDENTIFIER=Intel64 Family 6 Model 142 Stepping 10, GenuineIntel



---------------  S Y S T E M  ---------------

OS: Windows 10.0 , 64 bit Build 15063 (10.0.15063.1058)

CPU:total 8 (initial active 8) (4 cores per cpu, 2 threads per core) family 6 model 142 stepping 10, cmov, cx8, fxsr, mmx, sse, sse2, sse3, ssse3, sse4.1, sse4.2, popcnt, avx, avx2, aes, clmul, erms, 3dnowpref, lzcnt, ht, tsc, tscinvbit, bmi1, bmi2, adx

Memory: 4k page, physical 8281304k(392228k free), swap 12475608k(5424k free)

vm_info: OpenJDK 64-Bit Server VM (25.152-b02) for windows-amd64 JRE (1.8.0_152-release-1024-b02), built by "builder" with MS VC++ 10.0 (VS2010)

time: Mon May 06 16:29:39 2019
elapsed time: 0 seconds (0d 0h 0m 0s)

